19:49:19: Creating resource group General
19:49:19: Creating resource group Internal
19:49:19: Creating resource group Autodetect
19:49:19: SceneManagerFactory for type 'DefaultSceneManager' registered.
19:49:19: Registering ResourceManager for type Material
19:49:19: Registering ResourceManager for type Mesh
19:49:19: Registering ResourceManager for type Skeleton
19:49:19: MovableObjectFactory for type 'ParticleSystem' registered.
19:49:19: OverlayElementFactory for type Panel registered.
19:49:19: OverlayElementFactory for type BorderPanel registered.
19:49:19: OverlayElementFactory for type TextArea registered.
19:49:19: Registering ResourceManager for type Font
19:49:19: ArchiveFactory for archive type FileSystem registered.
19:49:19: ArchiveFactory for archive type Zip registered.
19:49:19: DDS codec registering
19:49:19: FreeImage version: 3.15.4
19:49:19: This program uses FreeImage, a free, open source image library supporting all common bitmap formats. See http://freeimage.sourceforge.net for details
19:49:19: Supported formats: bmp,ico,jpg,jif,jpeg,jpe,jng,koa,iff,lbm,mng,pbm,pbm,pcd,pcx,pgm,pgm,png,ppm,ppm,ras,tga,targa,tif,tiff,wap,wbmp,wbm,psd,cut,xbm,xpm,gif,hdr,g3,sgi,exr,j2k,j2c,jp2,pfm,pct,pict,pic,3fr,arw,bay,bmq,cap,cine,cr2,crw,cs1,dc2,dcr,drf,dsc,dng,erf,fff,ia,iiq,k25,kc2,kdc,mdc,mef,mos,mrw,nef,nrw,orf,pef,ptx,pxn,qtk,raf,raw,rdc,rw2,rwl,rwz,sr2,srf,srw,sti
19:49:19: Registering ResourceManager for type HighLevelGpuProgram
19:49:19: Registering ResourceManager for type Compositor
19:49:19: MovableObjectFactory for type 'Entity' registered.
19:49:19: MovableObjectFactory for type 'Light' registered.
19:49:19: MovableObjectFactory for type 'BillboardSet' registered.
19:49:19: MovableObjectFactory for type 'ManualObject' registered.
19:49:19: MovableObjectFactory for type 'BillboardChain' registered.
19:49:19: MovableObjectFactory for type 'RibbonTrail' registered.
19:49:19: Loading library /usr/lib/OGRE/RenderSystem_GL
19:49:19: Installing plugin: GL RenderSystem
19:49:19: OpenGL Rendering Subsystem created.
19:49:19: Plugin successfully installed
19:49:19: Loading library /usr/lib/OGRE/Plugin_ParticleFX
19:49:19: Installing plugin: ParticleFX
19:49:19: Particle Emitter Type 'Point' registered
19:49:19: Particle Emitter Type 'Box' registered
19:49:19: Particle Emitter Type 'Ellipsoid' registered
19:49:19: Particle Emitter Type 'Cylinder' registered
19:49:19: Particle Emitter Type 'Ring' registered
19:49:19: Particle Emitter Type 'HollowEllipsoid' registered
19:49:19: Particle Affector Type 'LinearForce' registered
19:49:19: Particle Affector Type 'ColourFader' registered
19:49:19: Particle Affector Type 'ColourFader2' registered
19:49:19: Particle Affector Type 'ColourImage' registered
19:49:19: Particle Affector Type 'ColourInterpolator' registered
19:49:19: Particle Affector Type 'Scaler' registered
19:49:19: Particle Affector Type 'Rotator' registered
19:49:19: Particle Affector Type 'DirectionRandomiser' registered
19:49:19: Particle Affector Type 'DeflectorPlane' registered
19:49:19: Plugin successfully installed
19:49:19: Loading library /usr/lib/OGRE/Plugin_BSPSceneManager
19:49:19: Installing plugin: BSP Scene Manager
19:49:19: Plugin successfully installed
19:49:19: Loading library /usr/lib/OGRE/Plugin_OctreeSceneManager
19:49:19: Installing plugin: Octree & Terrain Scene Manager
19:49:19: Plugin successfully installed
19:49:19: Loading library /usr/lib/OGRE/Plugin_CgProgramManager
19:49:19: Installing plugin: Cg Program Manager
19:49:19: Plugin successfully installed
19:49:19: *-*-* OGRE Initialising
19:49:19: *-*-* Version 1.7.2 (Cthugha)
19:49:19: Creating resource group Bootstrap
19:49:19: Added resource location 'media/packs/OgreCore.zip' of type 'Zip' to resource group 'Bootstrap'
19:49:19: Added resource location 'media' of type 'FileSystem' to resource group 'General'
19:49:19: Added resource location 'media/fonts' of type 'FileSystem' to resource group 'General'
19:49:19: Added resource location 'media/sounds' of type 'FileSystem' to resource group 'General'
19:49:19: Added resource location 'media/Audio' of type 'FileSystem' to resource group 'General'
19:49:19: Added resource location 'media/materials/programs' of type 'FileSystem' to resource group 'General'
19:49:19: Added resource location 'media/materials/scripts' of type 'FileSystem' to resource group 'General'
19:49:19: Added resource location 'media/materials/textures' of type 'FileSystem' to resource group 'General'
19:49:19: Added resource location 'media/models' of type 'FileSystem' to resource group 'General'
19:49:19: Added resource location 'media/overlays' of type 'FileSystem' to resource group 'General'
19:49:19: Added resource location 'media/particle' of type 'FileSystem' to resource group 'General'
19:49:19: Added resource location 'media/gui' of type 'FileSystem' to resource group 'General'
19:49:19: Added resource location 'media/materials/textures/nvidia' of type 'FileSystem' to resource group 'General'
19:49:19: Added resource location 'media/PCZAppMedia' of type 'FileSystem' to resource group 'General'
19:49:19: Added resource location 'media/meshes/' of type 'FileSystem' to resource group 'General'
19:49:19: Added resource location 'media/packs/cubemap.zip' of type 'Zip' to resource group 'General'
19:49:19: Added resource location 'media/packs/cubemapsJS.zip' of type 'Zip' to resource group 'General'
19:49:19: Added resource location 'media/packs/dragon.zip' of type 'Zip' to resource group 'General'
19:49:19: Added resource location 'media/packs/fresneldemo.zip' of type 'Zip' to resource group 'General'
19:49:19: Added resource location 'media/packs/ogretestmap.zip' of type 'Zip' to resource group 'General'
19:49:19: Added resource location 'media/packs/skybox.zip' of type 'Zip' to resource group 'General'
19:49:19: CPU Identifier & Features
19:49:19: -------------------------
19:49:19:  *   CPU ID: GenuineIntel: Intel(R) Core(TM)2 Quad CPU    Q9400  @ 2.66GHz
19:49:19:  *      SSE: yes
19:49:19:  *     SSE2: yes
19:49:19:  *     SSE3: yes
19:49:19:  *      MMX: yes
19:49:19:  *   MMXEXT: yes
19:49:19:  *    3DNOW: no
19:49:19:  * 3DNOWEXT: no
19:49:19:  *     CMOV: yes
19:49:19:  *      TSC: yes
19:49:19:  *      FPU: yes
19:49:19:  *      PRO: yes
19:49:19:  *       HT: no
19:49:19: -------------------------
19:49:19: ******************************
*** Starting GLX Subsystem ***
******************************
19:49:19: GLRenderSystem::_createRenderWindow "Tutorial Render Window", 1920x1080 windowed  miscParams: FSAA=0 displayFrequency=60 MHz gamma=No vsync=No 
19:49:20: GLXWindow::create used FBConfigID = 163
19:49:20: GL_VERSION = 2.1 Mesa 10.1.3
19:49:20: GL_VENDOR = VMware, Inc.
19:49:20: GL_RENDERER = Gallium 0.4 on SVGA3D; build: RELEASE;  
19:49:20: GL_EXTENSIONS = GL_ARB_multisample GL_EXT_abgr GL_EXT_bgra GL_EXT_blend_color GL_EXT_blend_minmax GL_EXT_blend_subtract GL_EXT_copy_texture GL_EXT_polygon_offset GL_EXT_subtexture GL_EXT_texture_object GL_EXT_vertex_array GL_EXT_compiled_vertex_array GL_EXT_texture GL_EXT_texture3D GL_IBM_rasterpos_clip GL_ARB_point_parameters GL_EXT_draw_range_elements GL_EXT_packed_pixels GL_EXT_point_parameters GL_EXT_rescale_normal GL_EXT_separate_specular_color GL_EXT_texture_edge_clamp GL_SGIS_generate_mipmap GL_SGIS_texture_border_clamp GL_SGIS_texture_edge_clamp GL_SGIS_texture_lod GL_ARB_framebuffer_sRGB GL_ARB_multitexture GL_EXT_framebuffer_sRGB GL_IBM_multimode_draw_arrays GL_IBM_texture_mirrored_repeat GL_ARB_texture_cube_map GL_ARB_texture_env_add GL_ARB_transpose_matrix GL_EXT_blend_func_separate GL_EXT_fog_coord GL_EXT_multi_draw_arrays GL_EXT_secondary_color GL_EXT_texture_env_add GL_EXT_texture_filter_anisotropic GL_EXT_texture_lod_bias GL_INGR_blend_func_separate GL_NV_blend_square GL_NV_light_max_exponent GL_NV_texgen_reflection GL_NV_texture_env_combine4 GL_S3_s3tc GL_SUN_multi_draw_arrays GL_ARB_texture_border_clamp GL_ARB_texture_compression GL_EXT_framebuffer_object GL_EXT_texture_compression_s3tc GL_EXT_texture_env_combine GL_EXT_texture_env_dot3 GL_MESA_window_pos GL_NV_packed_depth_stencil GL_NV_texture_rectangle GL_ARB_depth_texture GL_ARB_occlusion_query GL_ARB_shadow GL_ARB_texture_env_combine GL_ARB_texture_env_crossbar GL_ARB_texture_env_dot3 GL_ARB_texture_mirrored_repeat GL_ARB_window_pos GL_EXT_stencil_two_side GL_EXT_texture_cube_map GL_NV_fog_distance GL_APPLE_packed_pixels GL_APPLE_vertex_array_object GL_ARB_draw_buffers GL_ARB_fragment_program GL_ARB_fragment_shader GL_ARB_shader_objects GL_ARB_vertex_program GL_ARB_vertex_shader GL_ATI_draw_buffers GL_ATI_texture_env_combine3 GL_ATI_texture_float GL_EXT_shadow_funcs GL_EXT_stencil_wrap GL_MESA_pack_invert GL_NV_primitive_restart GL_ARB_fragment_program_shadow GL_ARB_half_float_pixel GL_ARB_occlusion_query2 GL_ARB_point_sprite GL_ARB_shading_language_100 GL_ARB_sync GL_ARB_texture_non_power_of_two GL_ARB_vertex_buffer_object GL_ATI_blend_equation_separate GL_EXT_blend_equation_separate GL_OES_read_format GL_ARB_color_buffer_float GL_ARB_pixel_buffer_object GL_ARB_texture_float GL_ARB_texture_rectangle GL_EXT_pixel_buffer_object GL_EXT_texture_compression_dxt1 GL_EXT_texture_rectangle GL_EXT_texture_sRGB GL_ARB_framebuffer_object GL_EXT_framebuffer_blit GL_EXT_packed_depth_stencil GL_ARB_vertex_array_object GL_ATI_separate_stencil GL_EXT_gpu_program_parameters GL_EXT_texture_sRGB_decode GL_OES_EGL_image GL_ARB_copy_buffer GL_ARB_half_float_vertex GL_ARB_map_buffer_range GL_ARB_texture_swizzle GL_ARB_vertex_array_bgra GL_EXT_texture_swizzle GL_EXT_vertex_array_bgra GL_ARB_ES2_compatibility GL_ARB_debug_output GL_ARB_draw_elements_base_vertex GL_ARB_explicit_attrib_location GL_ARB_fragment_coord_conventions GL_ARB_provoking_vertex GL_ARB_sampler_objects GL_ARB_shader_texture_lod GL_EXT_provoking_vertex GL_ARB_get_program_binary GL_ARB_robustness GL_NV_vdpau_interop GL_ANGLE_texture_compression_dxt3 GL_ANGLE_texture_compression_dxt5 GL_ARB_internalformat_query GL_ARB_map_buffer_alignment GL_ARB_texture_storage GL_AMD_shader_trinary_minmax GL_ARB_clear_buffer_object GL_ARB_invalidate_subdata GL_ARB_vertex_attrib_binding GL_KHR_debug 
19:49:20: Supported GLX extensions: GLX_ARB_create_context GLX_ARB_create_context_profile GLX_ARB_fbconfig_float GLX_ARB_framebuffer_sRGB GLX_ARB_get_proc_address GLX_ARB_multisample GLX_EXT_import_context GLX_EXT_visual_info GLX_EXT_visual_rating GLX_EXT_framebuffer_sRGB GLX_EXT_create_context_es2_profile GLX_MESA_copy_sub_buffer GLX_MESA_multithread_makecurrent GLX_MESA_swap_control GLX_OML_swap_method GLX_SGI_make_current_read GLX_SGI_video_sync GLX_SGIS_multisample GLX_SGIX_fbconfig GLX_SGIX_pbuffer GLX_SGIX_visual_select_group GLX_EXT_texture_from_pixmap 
19:49:20: ***************************
19:49:20: *** GL Renderer Started ***
19:49:20: ***************************
19:49:20: Registering ResourceManager for type GpuProgram
19:49:20: GLSL support detected
19:49:20: GL: Using GL_EXT_framebuffer_object for rendering to textures (best)
19:49:20: FBO PF_UNKNOWN depth/stencil support: D0S1 D0S4 D0S8 D0S16 D16S0 D24S0 D32S0 Packed-D24S8 
19:49:20: FBO PF_A4L4 depth/stencil support: D0S0 D0S1 D0S4 D0S8 D0S16 D16S0 D24S0 D32S0 Packed-D24S8 
19:49:20: FBO PF_BYTE_LA depth/stencil support: D0S0 D0S1 D0S4 D0S8 D0S16 D16S0 D24S0 D32S0 Packed-D24S8 
19:49:20: FBO PF_R5G6B5 depth/stencil support: D0S0 D0S1 D0S4 D0S8 D0S16 D16S0 D24S0 D32S0 Packed-D24S8 
19:49:20: FBO PF_B5G6R5 depth/stencil support: D0S0 D0S1 D0S4 D0S8 D0S16 D16S0 D24S0 D32S0 Packed-D24S8 
19:49:20: FBO PF_A4R4G4B4 depth/stencil support: D0S0 D0S1 D0S4 D0S8 D0S16 D16S0 D24S0 D32S0 Packed-D24S8 
19:49:20: FBO PF_A1R5G5B5 depth/stencil support: D0S0 D0S1 D0S4 D0S8 D0S16 D16S0 D24S0 D32S0 Packed-D24S8 
19:49:20: FBO PF_R8G8B8 depth/stencil support: D0S0 D0S1 D0S4 D0S8 D0S16 D16S0 D24S0 D32S0 Packed-D24S8 
19:49:20: FBO PF_B8G8R8 depth/stencil support: D0S0 D0S1 D0S4 D0S8 D0S16 D16S0 D24S0 D32S0 Packed-D24S8 
19:49:20: FBO PF_A8R8G8B8 depth/stencil support: D0S0 D0S1 D0S4 D0S8 D0S16 D16S0 D24S0 D32S0 Packed-D24S8 
19:49:20: FBO PF_B8G8R8A8 depth/stencil support: D0S0 D0S1 D0S4 D0S8 D0S16 D16S0 D24S0 D32S0 Packed-D24S8 
19:49:20: FBO PF_A2R10G10B10 depth/stencil support: D0S0 D0S1 D0S4 D0S8 D0S16 D16S0 D24S0 D32S0 Packed-D24S8 
19:49:20: FBO PF_A2B10G10R10 depth/stencil support: D0S0 D0S1 D0S4 D0S8 D0S16 D16S0 D24S0 D32S0 Packed-D24S8 
19:49:20: FBO PF_FLOAT16_RGB depth/stencil support: D0S0 D0S1 D0S4 D0S8 D0S16 D16S0 D24S0 D32S0 Packed-D24S8 
19:49:20: FBO PF_FLOAT16_RGBA depth/stencil support: D0S0 D0S1 D0S4 D0S8 D0S16 D16S0 D24S0 D32S0 Packed-D24S8 
19:49:20: FBO PF_FLOAT32_RGB depth/stencil support: D0S0 D0S1 D0S4 D0S8 D0S16 D16S0 D24S0 D32S0 Packed-D24S8 
19:49:20: FBO PF_FLOAT32_RGBA depth/stencil support: D0S0 D0S1 D0S4 D0S8 D0S16 D16S0 D24S0 D32S0 Packed-D24S8 
19:49:20: FBO PF_X8R8G8B8 depth/stencil support: D0S0 D0S1 D0S4 D0S8 D0S16 D16S0 D24S0 D32S0 Packed-D24S8 
19:49:20: FBO PF_X8B8G8R8 depth/stencil support: D0S0 D0S1 D0S4 D0S8 D0S16 D16S0 D24S0 D32S0 Packed-D24S8 
19:49:20: FBO PF_SHORT_RGBA depth/stencil support: D0S0 D0S1 D0S4 D0S8 D0S16 D16S0 D24S0 D32S0 Packed-D24S8 
19:49:20: FBO PF_R3G3B2 depth/stencil support: D0S0 D0S1 D0S4 D0S8 D0S16 D16S0 D24S0 D32S0 Packed-D24S8 
19:49:20: FBO PF_FLOAT16_R depth/stencil support: D0S0 D0S1 D0S4 D0S8 D0S16 D16S0 D24S0 D32S0 Packed-D24S8 
19:49:20: FBO PF_FLOAT32_R depth/stencil support: D0S0 D0S1 D0S4 D0S8 D0S16 D16S0 D24S0 D32S0 Packed-D24S8 
19:49:20: FBO PF_SHORT_GR depth/stencil support: D0S0 D0S1 D0S4 D0S8 D0S16 D16S0 D24S0 D32S0 Packed-D24S8 
19:49:20: FBO PF_FLOAT16_GR depth/stencil support: D0S0 D0S1 D0S4 D0S8 D0S16 D16S0 D24S0 D32S0 Packed-D24S8 
19:49:20: FBO PF_FLOAT32_GR depth/stencil support: D0S0 D0S1 D0S4 D0S8 D0S16 D16S0 D24S0 D32S0 Packed-D24S8 
19:49:20: FBO PF_SHORT_RGB depth/stencil support: D0S0 D0S1 D0S4 D0S8 D0S16 D16S0 D24S0 D32S0 Packed-D24S8 
19:49:20: [GL] : Valid FBO targets PF_UNKNOWN PF_A4L4 PF_BYTE_LA PF_R5G6B5 PF_B5G6R5 PF_A4R4G4B4 PF_A1R5G5B5 PF_R8G8B8 PF_B8G8R8 PF_A8R8G8B8 PF_B8G8R8A8 PF_A2R10G10B10 PF_A2B10G10R10 PF_FLOAT16_RGB PF_FLOAT16_RGBA PF_FLOAT32_RGB PF_FLOAT32_RGBA PF_X8R8G8B8 PF_X8B8G8R8 PF_SHORT_RGBA PF_R3G3B2 PF_FLOAT16_R PF_FLOAT32_R PF_SHORT_GR PF_FLOAT16_GR PF_FLOAT32_GR PF_SHORT_RGB 
19:49:20: RenderSystem capabilities
19:49:20: -------------------------
19:49:20: RenderSystem Name: OpenGL Rendering Subsystem
19:49:20: GPU Vendor: unknown
19:49:20: Device Name: Gallium 0.4 on SVGA3D; build: RELEASE;  
19:49:20: Driver Version: 2.1.0.0
19:49:20:  * Fixed function pipeline: yes
19:49:20:  * Hardware generation of mipmaps: yes
19:49:20:  * Texture blending: yes
19:49:20:  * Anisotropic texture filtering: yes
19:49:20:  * Dot product texture operation: yes
19:49:20:  * Cube mapping: yes
19:49:20:  * Hardware stencil buffer: yes
19:49:20:    - Stencil depth: 8
19:49:20:    - Two sided stencil support: yes
19:49:20:    - Wrap stencil values: yes
19:49:20:  * Hardware vertex / index buffers: yes
19:49:20:  * Vertex programs: yes
19:49:20:  * Number of floating-point constants for vertex programs: 256
19:49:20:  * Number of integer constants for vertex programs: 0
19:49:20:  * Number of boolean constants for vertex programs: 0
19:49:20:  * Fragment programs: yes
19:49:20:  * Number of floating-point constants for fragment programs: 224
19:49:20:  * Number of integer constants for fragment programs: 0
19:49:20:  * Number of boolean constants for fragment programs: 0
19:49:20:  * Geometry programs: no
19:49:20:  * Number of floating-point constants for geometry programs: 0
19:49:20:  * Number of integer constants for geometry programs: 0
19:49:20:  * Number of boolean constants for geometry programs: 0
19:49:20:  * Supported Shader Profiles: arbfp1 arbvp1 glsl
19:49:20:  * Texture Compression: yes
19:49:20:    - DXT: yes
19:49:20:    - VTC: no
19:49:20:    - PVRTC: no
19:49:20:  * Scissor Rectangle: yes
19:49:20:  * Hardware Occlusion Query: yes
19:49:20:  * User clip planes: yes
19:49:20:  * VET_UBYTE4 vertex element type: yes
19:49:20:  * Infinite far plane projection: yes
19:49:20:  * Hardware render-to-texture: yes
19:49:20:  * Floating point textures: yes
19:49:20:  * Non-power-of-two textures: yes
19:49:20:  * Volume textures: yes
19:49:20:  * Multiple Render Targets: 4
19:49:20:    - With different bit depths: yes
19:49:20:  * Point Sprites: yes
19:49:20:  * Extended point parameters: yes
19:49:20:  * Max Point Size: 80
19:49:20:  * Vertex texture fetch: no
19:49:20:  * Number of world matrices: 0
19:49:20:  * Number of texture units: 16
19:49:20:  * Stencil buffer depth: 8
19:49:20:  * Number of vertex blend matrices: 0
19:49:20:  * Render to Vertex Buffer : no
19:49:20:  * GL 1.5 without VBO workaround: no
19:49:20:  * Frame Buffer objects: yes
19:49:20:  * Frame Buffer objects (ARB extension): no
19:49:20:  * Frame Buffer objects (ATI extension): no
19:49:20:  * PBuffer support: yes
19:49:20:  * GL 1.5 without HW-occlusion workaround: no
19:49:20: Registering ResourceManager for type Texture
19:49:20: DefaultWorkQueue('Root') initialising on thread 7f10f08e1740.
19:49:20: Particle Renderer Type 'billboard' registered
19:49:20: SceneManagerFactory for type 'BspSceneManager' registered.
19:49:20: Registering ResourceManager for type BspLevel
19:49:20: SceneManagerFactory for type 'OctreeSceneManager' registered.
19:49:20: SceneManagerFactory for type 'TerrainSceneManager' registered.
19:49:20: DefaultWorkQueue('Root')::WorkerFunc - thread 7f10b8b52700 starting.
19:49:20: Parsing scripts for resource group Autodetect
19:49:20: Finished parsing scripts for resource group Autodetect
19:49:20: Parsing scripts for resource group Bootstrap
19:49:20: Parsing script OgreCore.material
19:49:20: Parsing script OgreProfiler.material
19:49:20: Parsing script Ogre.fontdef
19:49:20: Parsing script OgreDebugPanel.overlay
19:49:20: Texture: New_Ogre_Border_Center.png: Loading 1 faces(PF_A8R8G8B8,256x128x1) with 5 hardware generated mipmaps from Image. Internal format is PF_A8R8G8B8,256x128x1.
19:49:20: Texture: New_Ogre_Border.png: Loading 1 faces(PF_A8R8G8B8,256x256x1) with 5 hardware generated mipmaps from Image. Internal format is PF_A8R8G8B8,256x256x1.
19:49:20: Texture: New_Ogre_Border_Break.png: Loading 1 faces(PF_A8R8G8B8,32x32x1) with 5 hardware generated mipmaps from Image. Internal format is PF_A8R8G8B8,32x32x1.
19:49:20: Texture: ogretext.png: Loading 1 faces(PF_A8R8G8B8,256x128x1) with 5 hardware generated mipmaps from Image. Internal format is PF_A8R8G8B8,256x128x1.
19:49:20: Parsing script OgreLoadingPanel.overlay
19:49:20: Finished parsing scripts for resource group Bootstrap
19:49:20: Parsing scripts for resource group General
19:49:20: Parsing script Examples.program
19:49:20: GLSL compiled : Ogre/BasicVertexPrograms/AmbientOneTextureGLSL
19:49:20: GLSL compiled : Ogre/HardwareSkinningTwoWeightsGLSL
19:49:20: Parsing script StdQuad_vp.program
19:49:20: Parsing script Example.material
19:49:20: Compiler error: invalid parameters in Example.material(762)
19:49:20: GLSL compiled : Ogre/HardwareSkinningTwoWeightsShadowCasterGLSL
19:49:20: Parsing script gui.material
19:49:20: Parsing script facial.material
19:49:20: Parsing script yellow.material
19:49:20: Parsing script RZR-002.material
19:49:20: Parsing script Glass.material
19:49:20: Parsing script MRTtest.material
19:49:20: GLSL compiled : Ogre/MRTtest/scenefp/GLSL
19:49:20: GLSL compiled : Ogre/MRTtest/quadfp/GLSL
19:49:20: GLSL compiled : Ogre/Compositor/StdQuad_GLSL_vp
19:49:20: Parsing script SharpenEdges.material
19:49:20: Parsing script GLSLSwizzle.material
19:49:20: GLSL compiled : Ogre/GPTest/Passthrough_VP_GLSL
19:49:20: Parsing script Example-Water.material
19:49:20: Parsing script gold.material
19:49:20: Parsing script IsoSurf.material
19:49:20: Parsing script Hurt.material
19:49:20: Parsing script Invert.material
19:49:20: Parsing script RadialBlur.material
19:49:20: Parsing script silver.material
19:49:20: Parsing script Bloom2.material
19:49:20: GLSL compiled : Bloom2_ps20_glsl
19:49:20: Parsing script Ocean.material
19:49:20: GLSL compiled : GLSL/OceanVS
19:49:20: GLSL compiled : GLSL/OceanFS
19:49:20: GLSL compiled : GLSL/Ocean2VS
19:49:20: GLSL compiled : GLSL/Ocean2FS
19:49:20: Parsing script Iron_man_leg_red.material
19:49:20: Compiler error: unknown error in Iron_man_leg_red.material(9): base object named "red" not found in script definition
19:49:20: Parsing script Laplace.material
19:49:20: Parsing script red.material
19:49:20: Parsing script ASCII.material
19:49:20: Parsing script OldMovie.material
19:49:20: Parsing script ParticleGS.material
19:49:20: Parsing script 14_-_Default.material
19:49:20: Parsing script Examples-Advanced.material
19:49:20: Compiler error: object unsupported by render system in Examples-Advanced.material(381)
19:49:21: Parsing script DOF.material
19:49:21: Parsing script OldTV.material
19:49:21: Parsing script Example-DynTex.material
19:49:21: Parsing script lambert1.material
19:49:21: Parsing script Posterize.material
19:49:21: Parsing script Dither.material
19:49:21: Parsing script Tiling.material
19:49:21: Parsing script VarianceShadowmap.material
19:49:21: Parsing script DepthShadowmap.material
19:49:21: GLSL compiled : Ogre/DepthShadowmap/CasterVP_GLSL
19:49:21: GLSL compiled : Ogre/DepthShadowmap/CasterFP_GLSL
19:49:21: GLSL compiled : Ogre/DepthShadowmap/ReceiverVP_GLSL
19:49:21: GLSL compiled : Ogre/DepthShadowmap/ReceiverFP_GLSL
19:49:21: GLSL compiled : Ogre/DepthShadowmap/ReceiverFPPCF_GLSL
19:49:21: GLSL compiled : Ogre/DepthShadowmap/NormalMapReceiverVP_GLSL
19:49:21: GLSL compiled : Ogre/DepthShadowmap/NormalMapReceiverFP_GLSL
19:49:21: GLSL compiled : Ogre/DepthShadowmap/NormalMapReceiverFPPCF_GLSL
19:49:21: Parsing script smoke.material
19:49:21: Parsing script black.material
19:49:21: Parsing script Halftone.material
19:49:21: Parsing script ASMSwizzle.material
19:49:21: Compiler error: object unsupported by render system in ASMSwizzle.material(1)
19:49:21: Parsing script HeatVision.material
19:49:21: Parsing script BlackAndWhite.material
19:49:21: Parsing script NightVision.material
19:49:21: Parsing script instancing.material
19:49:21: GLSL compiled : InstancingGLSL
19:49:21: GLSL compiled : InstancingShadowCasterGLSL
19:49:21: GLSL compiled : CrowdGLSL
19:49:21: GLSL compiled : CrowdShadowCasterGLSL
19:49:21: Parsing script hdr.material
19:49:21: GLSL compiled : Ogre/Compositor/HDR/downscale2x2LuminenceGLSL_fp
19:49:21: GLSL compiled : Ogre/Compositor/HDR/downscale3x3GLSL_fp
19:49:21: GLSL compiled : Ogre/Compositor/HDR/utils_fp
19:49:21: GLSL compiled : Ogre/Compositor/HDR/downscale3x3brightpassGLSL_fp
19:49:21: GLSL compiled : Ogre/Compositor/HDR/bloomGLSL_fp
19:49:21: GLSL compiled : Ogre/Compositor/HDR/utils_fp
19:49:21: GLSL compiled : Ogre/Compositor/HDR/finaltonemappingGLSL_fp
19:49:21: Parsing script darksilver.material
19:49:21: Parsing script pssm.material
19:49:21: Parsing script Embossed.material
19:49:21: Parsing script MotionBlur.material
19:49:21: Parsing script OffsetMapping.material
19:49:21: Compiler error: object unsupported by render system in OffsetMapping.material(18)
19:49:21: GLSL compiled : Examples/OffsetMappingIntegratedShadowsFPglsl
19:49:21: GLSL compiled : Examples/OffsetMappingIntegratedShadowsVPglsl
19:49:21: Parsing script Bloom.material
19:49:21: GLSL compiled : Blur_ps_glsl
19:49:21: GLSL compiled : Blur0_vs_glsl
19:49:21: GLSL compiled : Blur1_vs_glsl
19:49:21: Parsing script CGSwizzle.material
19:49:21: Parsing script Ogre.material
19:49:21: Parsing script yellow.material
19:49:21: Parsing script gold.material
19:49:21: Parsing script silver.material
19:49:21: Parsing script Iron_man_leg_red.material
19:49:21: Compiler error: unknown error in Iron_man_leg_red.material(9): base object named "red" not found in script definition
19:49:21: Parsing script red.material
19:49:21: Parsing script 14_-_Default.material
19:49:21: Parsing script lambert1.material
19:49:21: Parsing script black.material
19:49:21: Parsing script darksilver.material
19:49:21: Parsing script PythonOgreDebugPanel.material
19:49:21: Parsing script room.material
19:49:21: Parsing script RomanBath.material
19:49:21: Parsing script Example.particle
19:49:21: Parsing script emitted_emitter.particle
19:49:21: Parsing script Example-Water.particle
19:49:21: Parsing script smoke.particle
19:49:21: Parsing script Examples.compositor
19:49:21: Parsing script gui.fontdef
19:49:21: Parsing script sample.fontdef
19:49:21: Parsing script Example-CubeMapping.overlay
19:49:21: Parsing script Example-Water.overlay
19:49:21: Parsing script Compositor.overlay
19:49:21: Parsing script Example-DynTex.overlay
19:49:21: Parsing script gui.overlay
19:49:21: Texture: lifebar.png: Loading 1 faces(PF_A8R8G8B8,638x142x1) with 5 hardware generated mipmaps from Image. Internal format is PF_A8R8G8B8,638x142x1.
19:49:21: Texture: weaponFrame.tga: Loading 1 faces(PF_A8R8G8B8,100x100x1) with 5 hardware generated mipmaps from Image. Internal format is PF_A8R8G8B8,100x100x1.
19:49:21: Texture: pistol.png: Loading 1 faces(PF_A8R8G8B8,352x250x1) with 5 hardware generated mipmaps from Image. Internal format is PF_A8R8G8B8,352x250x1.
19:49:21: Texture: border.tga: Loading 1 faces(PF_R8G8B8,10x1000x1) with 5 hardware generated mipmaps from Image. Internal format is PF_X8R8G8B8,10x1000x1.
19:49:21: Bad element attribute line: 'right 0' for element GUI/myBorderRight in overlay GUI/myFrame
19:49:21: Parsing script PythonOgreDebugPanel.overlay
19:49:21: Texture: popanel.png: Loading 1 faces(PF_A8R8G8B8,638x90x1) with 5 hardware generated mipmaps from Image. Internal format is PF_A8R8G8B8,638x90x1.
19:49:21: Parsing script Shadows.overlay
19:49:21: Parsing script DP3.overlay
19:49:21: Finished parsing scripts for resource group General
19:49:21: Parsing scripts for resource group Internal
19:49:21: Finished parsing scripts for resource group Internal
19:49:21: Texture: wasteland.jpg: Loading 1 faces(PF_R8G8B8,350x350x1) with 5 hardware generated mipmaps from Image. Internal format is PF_X8R8G8B8,350x350x1.
19:49:21: Mesh: Loading iron.mesh.
19:49:21: Mesh: Loading sphere.mesh.
19:49:21: WARNING: sphere.mesh is an older format ([MeshSerializer_v1.40]); you should upgrade it as soon as possible using the OgreMeshUpgrade tool.
19:49:21: Texture: Chrome.jpg: Loading 1 faces(PF_L8,256x256x1) with 5 hardware generated mipmaps from Image. Internal format is PF_L8,256x256x1.
19:49:21: Mesh: Loading cube.mesh.
19:49:21: WARNING: cube.mesh is an older format ([MeshSerializer_v1.40]); you should upgrade it as soon as possible using the OgreMeshUpgrade tool.
19:49:21: Can't assign material 1 - Default to SubEntity of wall2222 because this Material does not exist. Have you forgotten to define it in a .material script?
19:49:21: Texture: RustySteel.jpg: Loading 1 faces(PF_R8G8B8,256x256x1) with 5 hardware generated mipmaps from Image. Internal format is PF_X8R8G8B8,256x256x1.
19:49:22: Texture: spheremap.png: Loading 1 faces(PF_R8G8B8,256x256x1) with 5 hardware generated mipmaps from Image. Internal format is PF_X8R8G8B8,256x256x1.
19:49:22: Can't assign material 1 - Default to SubEntity of wall2323 because this Material does not exist. Have you forgotten to define it in a .material script?
19:49:22: Can't assign material 1 - Default to SubEntity of wall2424 because this Material does not exist. Have you forgotten to define it in a .material script?
19:49:22: Can't assign material 1 - Default to SubEntity of wall2525 because this Material does not exist. Have you forgotten to define it in a .material script?
19:49:22: Can't assign material 1 - Default to SubEntity of wall2626 because this Material does not exist. Have you forgotten to define it in a .material script?
19:49:22: Can't assign material 1 - Default to SubEntity of wall2727 because this Material does not exist. Have you forgotten to define it in a .material script?
19:49:22: Can't assign material 1 - Default to SubEntity of wall2828 because this Material does not exist. Have you forgotten to define it in a .material script?
19:49:22: Can't assign material 1 - Default to SubEntity of wall2929 because this Material does not exist. Have you forgotten to define it in a .material script?
19:49:22: Can't assign material 1 - Default to SubEntity of wall3030 because this Material does not exist. Have you forgotten to define it in a .material script?
19:49:22: Can't assign material 1 - Default to SubEntity of wall3131 because this Material does not exist. Have you forgotten to define it in a .material script?
19:49:22: Can't assign material 1 - Default to SubEntity of wall3232 because this Material does not exist. Have you forgotten to define it in a .material script?
19:49:22: Can't assign material 1 - Default to SubEntity of wall3333 because this Material does not exist. Have you forgotten to define it in a .material script?
19:49:22: Can't assign material 1 - Default to SubEntity of wall3434 because this Material does not exist. Have you forgotten to define it in a .material script?
19:49:22: Can't assign material 1 - Default to SubEntity of wall3535 because this Material does not exist. Have you forgotten to define it in a .material script?
19:49:22: Can't assign material 1 - Default to SubEntity of wall3636 because this Material does not exist. Have you forgotten to define it in a .material script?
19:49:22: Can't assign material 1 - Default to SubEntity of wall3737 because this Material does not exist. Have you forgotten to define it in a .material script?
19:49:22: Can't assign material 1 - Default to SubEntity of wall3838 because this Material does not exist. Have you forgotten to define it in a .material script?
19:49:22: Can't assign material 1 - Default to SubEntity of wall3939 because this Material does not exist. Have you forgotten to define it in a .material script?
19:49:22: Can't assign material 1 - Default to SubEntity of wall4040 because this Material does not exist. Have you forgotten to define it in a .material script?
19:49:22: Can't assign material 1 - Default to SubEntity of wall4141 because this Material does not exist. Have you forgotten to define it in a .material script?
19:49:22: Can't assign material 1 - Default to SubEntity of wall4242 because this Material does not exist. Have you forgotten to define it in a .material script?
19:49:22: Can't assign material 1 - Default to SubEntity of wall4343 because this Material does not exist. Have you forgotten to define it in a .material script?
19:49:22: Can't assign material 1 - Default to SubEntity of wall4444 because this Material does not exist. Have you forgotten to define it in a .material script?
19:49:22: Can't assign material 1 - Default to SubEntity of wall4545 because this Material does not exist. Have you forgotten to define it in a .material script?
19:49:22: Can't assign material 1 - Default to SubEntity of wall4646 because this Material does not exist. Have you forgotten to define it in a .material script?
19:49:22: Can't assign material 1 - Default to SubEntity of wall4747 because this Material does not exist. Have you forgotten to define it in a .material script?
19:49:22: Can't assign material 1 - Default to SubEntity of wall4848 because this Material does not exist. Have you forgotten to define it in a .material script?
19:49:22: Can't assign material 1 - Default to SubEntity of wall4949 because this Material does not exist. Have you forgotten to define it in a .material script?
19:49:22: Can't assign material 1 - Default to SubEntity of wall5050 because this Material does not exist. Have you forgotten to define it in a .material script?
19:49:22: Can't assign material 1 - Default to SubEntity of wall5151 because this Material does not exist. Have you forgotten to define it in a .material script?
19:49:22: Can't assign material 1 - Default to SubEntity of wall5252 because this Material does not exist. Have you forgotten to define it in a .material script?
19:49:22: Can't assign material 1 - Default to SubEntity of wall5353 because this Material does not exist. Have you forgotten to define it in a .material script?
19:49:22: Can't assign material 1 - Default to SubEntity of wall5454 because this Material does not exist. Have you forgotten to define it in a .material script?
19:49:22: Can't assign material 1 - Default to SubEntity of wall5555 because this Material does not exist. Have you forgotten to define it in a .material script?
19:49:22: Can't assign material 1 - Default to SubEntity of wall5656 because this Material does not exist. Have you forgotten to define it in a .material script?
19:49:22: Can't assign material 1 - Default to SubEntity of wall5757 because this Material does not exist. Have you forgotten to define it in a .material script?
19:49:22: Can't assign material 1 - Default to SubEntity of wall5858 because this Material does not exist. Have you forgotten to define it in a .material script?
19:49:22: Can't assign material 1 - Default to SubEntity of wall5959 because this Material does not exist. Have you forgotten to define it in a .material script?
19:49:22: Can't assign material 1 - Default to SubEntity of wall6060 because this Material does not exist. Have you forgotten to define it in a .material script?
19:49:22: Can't assign material 1 - Default to SubEntity of wall6161 because this Material does not exist. Have you forgotten to define it in a .material script?
19:49:22: Can't assign material 1 - Default to SubEntity of wall6262 because this Material does not exist. Have you forgotten to define it in a .material script?
19:49:22: Can't assign material 1 - Default to SubEntity of wall6363 because this Material does not exist. Have you forgotten to define it in a .material script?
19:49:22: Can't assign material 1 - Default to SubEntity of wall6464 because this Material does not exist. Have you forgotten to define it in a .material script?
19:49:22: Can't assign material 1 - Default to SubEntity of wall6565 because this Material does not exist. Have you forgotten to define it in a .material script?
19:49:22: Can't assign material 1 - Default to SubEntity of wall6666 because this Material does not exist. Have you forgotten to define it in a .material script?
19:49:22: Can't assign material 1 - Default to SubEntity of wall6767 because this Material does not exist. Have you forgotten to define it in a .material script?
19:49:22: Can't assign material 1 - Default to SubEntity of wall6868 because this Material does not exist. Have you forgotten to define it in a .material script?
19:49:22: Can't assign material 1 - Default to SubEntity of wall6969 because this Material does not exist. Have you forgotten to define it in a .material script?
19:49:22: Can't assign material 1 - Default to SubEntity of wall7070 because this Material does not exist. Have you forgotten to define it in a .material script?
19:49:22: Can't assign material 1 - Default to SubEntity of wall7171 because this Material does not exist. Have you forgotten to define it in a .material script?
19:49:22: Can't assign material 1 - Default to SubEntity of wall7272 because this Material does not exist. Have you forgotten to define it in a .material script?
19:49:22: Can't assign material 1 - Default to SubEntity of wall7373 because this Material does not exist. Have you forgotten to define it in a .material script?
19:49:22: Can't assign material 1 - Default to SubEntity of wall7474 because this Material does not exist. Have you forgotten to define it in a .material script?
19:49:22: Can't assign material 1 - Default to SubEntity of wall7575 because this Material does not exist. Have you forgotten to define it in a .material script?
19:49:22: Can't assign material 1 - Default to SubEntity of wall7676 because this Material does not exist. Have you forgotten to define it in a .material script?
19:49:22: Can't assign material 1 - Default to SubEntity of wall7777 because this Material does not exist. Have you forgotten to define it in a .material script?
19:49:22: Can't assign material 1 - Default to SubEntity of wall7878 because this Material does not exist. Have you forgotten to define it in a .material script?
19:49:22: Can't assign material 1 - Default to SubEntity of wall7979 because this Material does not exist. Have you forgotten to define it in a .material script?
19:49:22: Can't assign material 1 - Default to SubEntity of wall8080 because this Material does not exist. Have you forgotten to define it in a .material script?
19:49:22: Can't assign material 1 - Default to SubEntity of wall8181 because this Material does not exist. Have you forgotten to define it in a .material script?
19:49:22: Can't assign material 1 - Default to SubEntity of wall8282 because this Material does not exist. Have you forgotten to define it in a .material script?
19:49:22: Can't assign material 1 - Default to SubEntity of wall8383 because this Material does not exist. Have you forgotten to define it in a .material script?
19:49:22: Can't assign material 1 - Default to SubEntity of wall8484 because this Material does not exist. Have you forgotten to define it in a .material script?
19:49:22: Can't assign material 1 - Default to SubEntity of wall8585 because this Material does not exist. Have you forgotten to define it in a .material script?
19:49:22: Can't assign material 1 - Default to SubEntity of wall8686 because this Material does not exist. Have you forgotten to define it in a .material script?
19:49:22: Can't assign material 1 - Default to SubEntity of wall8787 because this Material does not exist. Have you forgotten to define it in a .material script?
19:49:22: Can't assign material 1 - Default to SubEntity of wall8888 because this Material does not exist. Have you forgotten to define it in a .material script?
19:49:22: Can't assign material 1 - Default to SubEntity of wall8989 because this Material does not exist. Have you forgotten to define it in a .material script?
19:49:22: Can't assign material 1 - Default to SubEntity of wall9090 because this Material does not exist. Have you forgotten to define it in a .material script?
19:49:22: Can't assign material 1 - Default to SubEntity of wall9191 because this Material does not exist. Have you forgotten to define it in a .material script?
19:49:22: Can't assign material 1 - Default to SubEntity of wall9292 because this Material does not exist. Have you forgotten to define it in a .material script?
19:49:22: Can't assign material 1 - Default to SubEntity of wall9393 because this Material does not exist. Have you forgotten to define it in a .material script?
19:49:22: Can't assign material 1 - Default to SubEntity of wall9494 because this Material does not exist. Have you forgotten to define it in a .material script?
19:49:22: Can't assign material 1 - Default to SubEntity of wall9595 because this Material does not exist. Have you forgotten to define it in a .material script?
19:49:22: Can't assign material 1 - Default to SubEntity of wall9696 because this Material does not exist. Have you forgotten to define it in a .material script?
19:49:22: Can't assign material 1 - Default to SubEntity of wall9797 because this Material does not exist. Have you forgotten to define it in a .material script?
19:49:22: Can't assign material 1 - Default to SubEntity of wall9898 because this Material does not exist. Have you forgotten to define it in a .material script?
19:49:22: Can't assign material 1 - Default to SubEntity of wall9999 because this Material does not exist. Have you forgotten to define it in a .material script?
19:49:22: Can't assign material 1 - Default to SubEntity of wall100100 because this Material does not exist. Have you forgotten to define it in a .material script?
19:49:22: Can't assign material 1 - Default to SubEntity of wall101101 because this Material does not exist. Have you forgotten to define it in a .material script?
19:49:22: Can't assign material 1 - Default to SubEntity of wall102102 because this Material does not exist. Have you forgotten to define it in a .material script?
19:49:22: Can't assign material 1 - Default to SubEntity of wall103103 because this Material does not exist. Have you forgotten to define it in a .material script?
19:49:22: Can't assign material 1 - Default to SubEntity of wall104104 because this Material does not exist. Have you forgotten to define it in a .material script?
19:49:22: Can't assign material 1 - Default to SubEntity of wall105105 because this Material does not exist. Have you forgotten to define it in a .material script?
19:49:22: Can't assign material 1 - Default to SubEntity of wall106106 because this Material does not exist. Have you forgotten to define it in a .material script?
19:49:22: Can't assign material 1 - Default to SubEntity of wall107107 because this Material does not exist. Have you forgotten to define it in a .material script?
19:49:22: Can't assign material 1 - Default to SubEntity of wall108108 because this Material does not exist. Have you forgotten to define it in a .material script?
19:49:22: Can't assign material 1 - Default to SubEntity of wall109109 because this Material does not exist. Have you forgotten to define it in a .material script?
19:49:22: Can't assign material 1 - Default to SubEntity of wall110110 because this Material does not exist. Have you forgotten to define it in a .material script?
19:49:22: Can't assign material 1 - Default to SubEntity of wall111111 because this Material does not exist. Have you forgotten to define it in a .material script?
19:49:22: Can't assign material 1 - Default to SubEntity of wall112112 because this Material does not exist. Have you forgotten to define it in a .material script?
19:49:22: Can't assign material 1 - Default to SubEntity of wall113113 because this Material does not exist. Have you forgotten to define it in a .material script?
19:49:22: Can't assign material 1 - Default to SubEntity of wall114114 because this Material does not exist. Have you forgotten to define it in a .material script?
19:49:22: Can't assign material 1 - Default to SubEntity of wall115115 because this Material does not exist. Have you forgotten to define it in a .material script?
19:49:22: Can't assign material 1 - Default to SubEntity of wall116116 because this Material does not exist. Have you forgotten to define it in a .material script?
19:49:22: Can't assign material 1 - Default to SubEntity of wall117117 because this Material does not exist. Have you forgotten to define it in a .material script?
19:49:22: Can't assign material 1 - Default to SubEntity of wall118118 because this Material does not exist. Have you forgotten to define it in a .material script?
19:49:22: Can't assign material 1 - Default to SubEntity of wall119119 because this Material does not exist. Have you forgotten to define it in a .material script?
19:49:22: Can't assign material 1 - Default to SubEntity of wall120120 because this Material does not exist. Have you forgotten to define it in a .material script?
19:49:22: Can't assign material 1 - Default to SubEntity of wall121121 because this Material does not exist. Have you forgotten to define it in a .material script?
19:49:22: Can't assign material 1 - Default to SubEntity of wall122122 because this Material does not exist. Have you forgotten to define it in a .material script?
19:49:22: Can't assign material 1 - Default to SubEntity of wall123123 because this Material does not exist. Have you forgotten to define it in a .material script?
19:49:22: Can't assign material 1 - Default to SubEntity of wall124124 because this Material does not exist. Have you forgotten to define it in a .material script?
19:49:22: Can't assign material 1 - Default to SubEntity of wall125125 because this Material does not exist. Have you forgotten to define it in a .material script?
19:49:22: Can't assign material 1 - Default to SubEntity of wall126126 because this Material does not exist. Have you forgotten to define it in a .material script?
19:49:22: Can't assign material 1 - Default to SubEntity of wall127127 because this Material does not exist. Have you forgotten to define it in a .material script?
19:49:22: Can't assign material 1 - Default to SubEntity of wall128128 because this Material does not exist. Have you forgotten to define it in a .material script?
19:49:22: Can't assign material 1 - Default to SubEntity of wall129129 because this Material does not exist. Have you forgotten to define it in a .material script?
19:49:22: Can't assign material 1 - Default to SubEntity of wall130130 because this Material does not exist. Have you forgotten to define it in a .material script?
19:49:22: Can't assign material 1 - Default to SubEntity of wall131131 because this Material does not exist. Have you forgotten to define it in a .material script?
19:49:22: Can't assign material 1 - Default to SubEntity of wall132132 because this Material does not exist. Have you forgotten to define it in a .material script?
19:49:22: Can't assign material 1 - Default to SubEntity of wall133133 because this Material does not exist. Have you forgotten to define it in a .material script?
19:49:22: Can't assign material 1 - Default to SubEntity of wall134134 because this Material does not exist. Have you forgotten to define it in a .material script?
19:49:22: Can't assign material 1 - Default to SubEntity of wall135135 because this Material does not exist. Have you forgotten to define it in a .material script?
19:49:22: Can't assign material 1 - Default to SubEntity of wall136136 because this Material does not exist. Have you forgotten to define it in a .material script?
19:49:22: Can't assign material 1 - Default to SubEntity of wall137137 because this Material does not exist. Have you forgotten to define it in a .material script?
19:49:22: Can't assign material 1 - Default to SubEntity of wall138138 because this Material does not exist. Have you forgotten to define it in a .material script?
19:49:22: Can't assign material 1 - Default to SubEntity of wall139139 because this Material does not exist. Have you forgotten to define it in a .material script?
19:49:22: Can't assign material 1 - Default to SubEntity of wall140140 because this Material does not exist. Have you forgotten to define it in a .material script?
19:49:22: Can't assign material 1 - Default to SubEntity of wall141141 because this Material does not exist. Have you forgotten to define it in a .material script?
19:49:22: Can't assign material 1 - Default to SubEntity of wall142142 because this Material does not exist. Have you forgotten to define it in a .material script?
19:49:22: Can't assign material 1 - Default to SubEntity of wall143143 because this Material does not exist. Have you forgotten to define it in a .material script?
19:49:22: Can't assign material 1 - Default to SubEntity of wall144144 because this Material does not exist. Have you forgotten to define it in a .material script?
19:49:22: Can't assign material 1 - Default to SubEntity of wall145145 because this Material does not exist. Have you forgotten to define it in a .material script?
19:49:22: Can't assign material 1 - Default to SubEntity of wall146146 because this Material does not exist. Have you forgotten to define it in a .material script?
19:49:22: Can't assign material 1 - Default to SubEntity of wall147147 because this Material does not exist. Have you forgotten to define it in a .material script?
19:49:22: Can't assign material 1 - Default to SubEntity of wall148148 because this Material does not exist. Have you forgotten to define it in a .material script?
19:49:22: Can't assign material 1 - Default to SubEntity of wall149149 because this Material does not exist. Have you forgotten to define it in a .material script?
19:49:22: Can't assign material 1 - Default to SubEntity of wall150150 because this Material does not exist. Have you forgotten to define it in a .material script?
19:49:22: Can't assign material 1 - Default to SubEntity of wall151151 because this Material does not exist. Have you forgotten to define it in a .material script?
19:49:22: Can't assign material 1 - Default to SubEntity of wall152152 because this Material does not exist. Have you forgotten to define it in a .material script?
19:49:22: Can't assign material 1 - Default to SubEntity of wall153153 because this Material does not exist. Have you forgotten to define it in a .material script?
19:49:22: Can't assign material 1 - Default to SubEntity of wall154154 because this Material does not exist. Have you forgotten to define it in a .material script?
19:49:22: Can't assign material 1 - Default to SubEntity of wall155155 because this Material does not exist. Have you forgotten to define it in a .material script?
19:49:22: Can't assign material 1 - Default to SubEntity of wall156156 because this Material does not exist. Have you forgotten to define it in a .material script?
19:49:22: Can't assign material 1 - Default to SubEntity of wall157157 because this Material does not exist. Have you forgotten to define it in a .material script?
19:49:22: Can't assign material 1 - Default to SubEntity of wall158158 because this Material does not exist. Have you forgotten to define it in a .material script?
19:49:22: Can't assign material 1 - Default to SubEntity of wall159159 because this Material does not exist. Have you forgotten to define it in a .material script?
19:49:22: Can't assign material 1 - Default to SubEntity of wall160160 because this Material does not exist. Have you forgotten to define it in a .material script?
19:49:22: Can't assign material 1 - Default to SubEntity of wall161161 because this Material does not exist. Have you forgotten to define it in a .material script?
19:49:22: Can't assign material 1 - Default to SubEntity of wall162162 because this Material does not exist. Have you forgotten to define it in a .material script?
19:49:22: Can't assign material 1 - Default to SubEntity of wall163163 because this Material does not exist. Have you forgotten to define it in a .material script?
19:49:22: Can't assign material 1 - Default to SubEntity of wall164164 because this Material does not exist. Have you forgotten to define it in a .material script?
19:49:22: Can't assign material 1 - Default to SubEntity of wall165165 because this Material does not exist. Have you forgotten to define it in a .material script?
19:49:22: Can't assign material 1 - Default to SubEntity of wall166166 because this Material does not exist. Have you forgotten to define it in a .material script?
19:49:22: Can't assign material 1 - Default to SubEntity of wall167167 because this Material does not exist. Have you forgotten to define it in a .material script?
19:49:22: Can't assign material 1 - Default to SubEntity of wall168168 because this Material does not exist. Have you forgotten to define it in a .material script?
19:49:22: Can't assign material 1 - Default to SubEntity of wall169169 because this Material does not exist. Have you forgotten to define it in a .material script?
19:49:22: Can't assign material 1 - Default to SubEntity of wall170170 because this Material does not exist. Have you forgotten to define it in a .material script?
19:49:22: Can't assign material 1 - Default to SubEntity of wall171171 because this Material does not exist. Have you forgotten to define it in a .material script?
19:49:22: Can't assign material 1 - Default to SubEntity of wall172172 because this Material does not exist. Have you forgotten to define it in a .material script?
19:49:22: Can't assign material 1 - Default to SubEntity of wall173173 because this Material does not exist. Have you forgotten to define it in a .material script?
19:49:22: Can't assign material 1 - Default to SubEntity of wall174174 because this Material does not exist. Have you forgotten to define it in a .material script?
19:49:22: Can't assign material 1 - Default to SubEntity of wall175175 because this Material does not exist. Have you forgotten to define it in a .material script?
19:49:22: Can't assign material 1 - Default to SubEntity of wall176176 because this Material does not exist. Have you forgotten to define it in a .material script?
19:49:22: Can't assign material 1 - Default to SubEntity of wall177177 because this Material does not exist. Have you forgotten to define it in a .material script?
19:49:22: Can't assign material 1 - Default to SubEntity of wall178178 because this Material does not exist. Have you forgotten to define it in a .material script?
19:49:22: Can't assign material 1 - Default to SubEntity of wall179179 because this Material does not exist. Have you forgotten to define it in a .material script?
19:49:22: Can't assign material 1 - Default to SubEntity of wall180180 because this Material does not exist. Have you forgotten to define it in a .material script?
19:49:22: Can't assign material 1 - Default to SubEntity of wall181181 because this Material does not exist. Have you forgotten to define it in a .material script?
19:49:22: Can't assign material 1 - Default to SubEntity of wall182182 because this Material does not exist. Have you forgotten to define it in a .material script?
19:49:22: Can't assign material 1 - Default to SubEntity of wall183183 because this Material does not exist. Have you forgotten to define it in a .material script?
19:49:22: Can't assign material 1 - Default to SubEntity of wall184184 because this Material does not exist. Have you forgotten to define it in a .material script?
19:49:22: Can't assign material 1 - Default to SubEntity of wall185185 because this Material does not exist. Have you forgotten to define it in a .material script?
19:49:22: Can't assign material 1 - Default to SubEntity of wall186186 because this Material does not exist. Have you forgotten to define it in a .material script?
19:49:22: Can't assign material 1 - Default to SubEntity of wall187187 because this Material does not exist. Have you forgotten to define it in a .material script?
19:49:22: Can't assign material 1 - Default to SubEntity of wall188188 because this Material does not exist. Have you forgotten to define it in a .material script?
19:49:22: Can't assign material 1 - Default to SubEntity of wall189189 because this Material does not exist. Have you forgotten to define it in a .material script?
19:49:22: Can't assign material 1 - Default to SubEntity of wall190190 because this Material does not exist. Have you forgotten to define it in a .material script?
19:49:22: Can't assign material 1 - Default to SubEntity of wall191191 because this Material does not exist. Have you forgotten to define it in a .material script?
19:49:22: Can't assign material 1 - Default to SubEntity of wall192192 because this Material does not exist. Have you forgotten to define it in a .material script?
19:49:22: Can't assign material 1 - Default to SubEntity of wall193193 because this Material does not exist. Have you forgotten to define it in a .material script?
19:49:22: Can't assign material 1 - Default to SubEntity of wall194194 because this Material does not exist. Have you forgotten to define it in a .material script?
19:49:22: Can't assign material 1 - Default to SubEntity of wall195195 because this Material does not exist. Have you forgotten to define it in a .material script?
19:49:22: Can't assign material 1 - Default to SubEntity of wall196196 because this Material does not exist. Have you forgotten to define it in a .material script?
19:49:22: Can't assign material 1 - Default to SubEntity of wall197197 because this Material does not exist. Have you forgotten to define it in a .material script?
19:49:22: Can't assign material 1 - Default to SubEntity of wall198198 because this Material does not exist. Have you forgotten to define it in a .material script?
19:49:22: Can't assign material 1 - Default to SubEntity of wall199199 because this Material does not exist. Have you forgotten to define it in a .material script?
19:49:22: Can't assign material 1 - Default to SubEntity of wall200200 because this Material does not exist. Have you forgotten to define it in a .material script?
19:49:22: Can't assign material 1 - Default to SubEntity of wall201201 because this Material does not exist. Have you forgotten to define it in a .material script?
19:49:22: Can't assign material 1 - Default to SubEntity of wall202202 because this Material does not exist. Have you forgotten to define it in a .material script?
19:49:22: Can't assign material 1 - Default to SubEntity of wall203203 because this Material does not exist. Have you forgotten to define it in a .material script?
19:49:22: Can't assign material 1 - Default to SubEntity of wall204204 because this Material does not exist. Have you forgotten to define it in a .material script?
19:49:22: Can't assign material 1 - Default to SubEntity of wall205205 because this Material does not exist. Have you forgotten to define it in a .material script?
19:49:22: Can't assign material 1 - Default to SubEntity of wall206206 because this Material does not exist. Have you forgotten to define it in a .material script?
19:49:22: Can't assign material 1 - Default to SubEntity of wall207207 because this Material does not exist. Have you forgotten to define it in a .material script?
19:49:22: Can't assign material 1 - Default to SubEntity of wall208208 because this Material does not exist. Have you forgotten to define it in a .material script?
19:49:22: Can't assign material 1 - Default to SubEntity of wall209209 because this Material does not exist. Have you forgotten to define it in a .material script?
19:49:22: Can't assign material 1 - Default to SubEntity of wall210210 because this Material does not exist. Have you forgotten to define it in a .material script?
19:49:22: Can't assign material 1 - Default to SubEntity of wall211211 because this Material does not exist. Have you forgotten to define it in a .material script?
19:49:22: Can't assign material 1 - Default to SubEntity of wall212212 because this Material does not exist. Have you forgotten to define it in a .material script?
19:49:22: Can't assign material 1 - Default to SubEntity of wall213213 because this Material does not exist. Have you forgotten to define it in a .material script?
19:49:22: Can't assign material 1 - Default to SubEntity of wall214214 because this Material does not exist. Have you forgotten to define it in a .material script?
19:49:22: Can't assign material 1 - Default to SubEntity of wall215215 because this Material does not exist. Have you forgotten to define it in a .material script?
19:49:22: Can't assign material 1 - Default to SubEntity of wall216216 because this Material does not exist. Have you forgotten to define it in a .material script?
19:49:22: Can't assign material 1 - Default to SubEntity of wall217217 because this Material does not exist. Have you forgotten to define it in a .material script?
19:49:22: Can't assign material 1 - Default to SubEntity of wall218218 because this Material does not exist. Have you forgotten to define it in a .material script?
19:49:22: Can't assign material 1 - Default to SubEntity of wall219219 because this Material does not exist. Have you forgotten to define it in a .material script?
19:49:22: Can't assign material 1 - Default to SubEntity of wall220220 because this Material does not exist. Have you forgotten to define it in a .material script?
19:49:22: Can't assign material 1 - Default to SubEntity of wall221221 because this Material does not exist. Have you forgotten to define it in a .material script?
19:49:22: Can't assign material 1 - Default to SubEntity of wall222222 because this Material does not exist. Have you forgotten to define it in a .material script?
19:49:22: Can't assign material 1 - Default to SubEntity of wall223223 because this Material does not exist. Have you forgotten to define it in a .material script?
19:49:22: Can't assign material 1 - Default to SubEntity of wall224224 because this Material does not exist. Have you forgotten to define it in a .material script?
19:49:22: Can't assign material 1 - Default to SubEntity of wall225225 because this Material does not exist. Have you forgotten to define it in a .material script?
19:49:22: Can't assign material 1 - Default to SubEntity of wall226226 because this Material does not exist. Have you forgotten to define it in a .material script?
19:49:22: Can't assign material 1 - Default to SubEntity of wall227227 because this Material does not exist. Have you forgotten to define it in a .material script?
19:49:22: Can't assign material 1 - Default to SubEntity of wall228228 because this Material does not exist. Have you forgotten to define it in a .material script?
19:49:22: Can't assign material 1 - Default to SubEntity of wall229229 because this Material does not exist. Have you forgotten to define it in a .material script?
19:49:22: Can't assign material 1 - Default to SubEntity of wall230230 because this Material does not exist. Have you forgotten to define it in a .material script?
19:49:22: Can't assign material 1 - Default to SubEntity of wall231231 because this Material does not exist. Have you forgotten to define it in a .material script?
19:49:22: Can't assign material 1 - Default to SubEntity of wall232232 because this Material does not exist. Have you forgotten to define it in a .material script?
19:49:22: Can't assign material 1 - Default to SubEntity of wall233233 because this Material does not exist. Have you forgotten to define it in a .material script?
19:49:22: Can't assign material 1 - Default to SubEntity of wall234234 because this Material does not exist. Have you forgotten to define it in a .material script?
19:49:22: Can't assign material 1 - Default to SubEntity of wall235235 because this Material does not exist. Have you forgotten to define it in a .material script?
19:49:22: Can't assign material 1 - Default to SubEntity of wall236236 because this Material does not exist. Have you forgotten to define it in a .material script?
19:49:22: Can't assign material 1 - Default to SubEntity of wall237237 because this Material does not exist. Have you forgotten to define it in a .material script?
19:49:22: Can't assign material 1 - Default to SubEntity of wall238238 because this Material does not exist. Have you forgotten to define it in a .material script?
19:49:22: Can't assign material 1 - Default to SubEntity of wall239239 because this Material does not exist. Have you forgotten to define it in a .material script?
19:49:22: Can't assign material 1 - Default to SubEntity of wall240240 because this Material does not exist. Have you forgotten to define it in a .material script?
19:49:22: Can't assign material 1 - Default to SubEntity of wall241241 because this Material does not exist. Have you forgotten to define it in a .material script?
19:49:22: Can't assign material 1 - Default to SubEntity of wall242242 because this Material does not exist. Have you forgotten to define it in a .material script?
19:49:22: Can't assign material 1 - Default to SubEntity of wall243243 because this Material does not exist. Have you forgotten to define it in a .material script?
19:49:22: Can't assign material 1 - Default to SubEntity of wall244244 because this Material does not exist. Have you forgotten to define it in a .material script?
19:49:22: Can't assign material 1 - Default to SubEntity of wall245245 because this Material does not exist. Have you forgotten to define it in a .material script?
19:49:22: Can't assign material 1 - Default to SubEntity of wall246246 because this Material does not exist. Have you forgotten to define it in a .material script?
19:49:22: Can't assign material 1 - Default to SubEntity of wall247247 because this Material does not exist. Have you forgotten to define it in a .material script?
19:49:22: Can't assign material 1 - Default to SubEntity of wall248248 because this Material does not exist. Have you forgotten to define it in a .material script?
19:49:22: Can't assign material 1 - Default to SubEntity of wall249249 because this Material does not exist. Have you forgotten to define it in a .material script?
19:49:22: Can't assign material 1 - Default to SubEntity of wall250250 because this Material does not exist. Have you forgotten to define it in a .material script?
19:49:22: Can't assign material 1 - Default to SubEntity of wall251251 because this Material does not exist. Have you forgotten to define it in a .material script?
19:49:22: Can't assign material 1 - Default to SubEntity of wall252252 because this Material does not exist. Have you forgotten to define it in a .material script?
19:49:22: Can't assign material 1 - Default to SubEntity of wall253253 because this Material does not exist. Have you forgotten to define it in a .material script?
19:49:22: Can't assign material 1 - Default to SubEntity of wall254254 because this Material does not exist. Have you forgotten to define it in a .material script?
19:49:22: Can't assign material 1 - Default to SubEntity of wall255255 because this Material does not exist. Have you forgotten to define it in a .material script?
19:49:22: Can't assign material 1 - Default to SubEntity of wall256256 because this Material does not exist. Have you forgotten to define it in a .material script?
19:49:22: Can't assign material 1 - Default to SubEntity of wall257257 because this Material does not exist. Have you forgotten to define it in a .material script?
19:49:22: Can't assign material 1 - Default to SubEntity of wall258258 because this Material does not exist. Have you forgotten to define it in a .material script?
19:49:22: Can't assign material 1 - Default to SubEntity of wall259259 because this Material does not exist. Have you forgotten to define it in a .material script?
19:49:22: Can't assign material 1 - Default to SubEntity of wall260260 because this Material does not exist. Have you forgotten to define it in a .material script?
19:49:22: Can't assign material 1 - Default to SubEntity of wall261261 because this Material does not exist. Have you forgotten to define it in a .material script?
19:49:22: Can't assign material 1 - Default to SubEntity of wall262262 because this Material does not exist. Have you forgotten to define it in a .material script?
19:49:22: Can't assign material 1 - Default to SubEntity of wall263263 because this Material does not exist. Have you forgotten to define it in a .material script?
19:49:22: Can't assign material 1 - Default to SubEntity of wall264264 because this Material does not exist. Have you forgotten to define it in a .material script?
19:49:22: Can't assign material 1 - Default to SubEntity of wall265265 because this Material does not exist. Have you forgotten to define it in a .material script?
19:49:22: Can't assign material 1 - Default to SubEntity of wall266266 because this Material does not exist. Have you forgotten to define it in a .material script?
19:49:22: Can't assign material 1 - Default to SubEntity of wall267267 because this Material does not exist. Have you forgotten to define it in a .material script?
19:49:22: Can't assign material 1 - Default to SubEntity of wall268268 because this Material does not exist. Have you forgotten to define it in a .material script?
19:49:22: Can't assign material 1 - Default to SubEntity of wall269269 because this Material does not exist. Have you forgotten to define it in a .material script?
19:49:22: Can't assign material 1 - Default to SubEntity of wall270270 because this Material does not exist. Have you forgotten to define it in a .material script?
19:49:22: Can't assign material 1 - Default to SubEntity of wall271271 because this Material does not exist. Have you forgotten to define it in a .material script?
19:49:22: Can't assign material 1 - Default to SubEntity of wall272272 because this Material does not exist. Have you forgotten to define it in a .material script?
19:49:22: Can't assign material 1 - Default to SubEntity of wall273273 because this Material does not exist. Have you forgotten to define it in a .material script?
19:49:22: Can't assign material 1 - Default to SubEntity of wall274274 because this Material does not exist. Have you forgotten to define it in a .material script?
19:49:22: Can't assign material 1 - Default to SubEntity of wall275275 because this Material does not exist. Have you forgotten to define it in a .material script?
19:49:22: Can't assign material 1 - Default to SubEntity of wall276276 because this Material does not exist. Have you forgotten to define it in a .material script?
19:49:22: Can't assign material 1 - Default to SubEntity of wall277277 because this Material does not exist. Have you forgotten to define it in a .material script?
19:49:22: Can't assign material 1 - Default to SubEntity of wall278278 because this Material does not exist. Have you forgotten to define it in a .material script?
19:49:22: Can't assign material 1 - Default to SubEntity of wall279279 because this Material does not exist. Have you forgotten to define it in a .material script?
19:49:22: Can't assign material 1 - Default to SubEntity of wall280280 because this Material does not exist. Have you forgotten to define it in a .material script?
19:49:22: Can't assign material 1 - Default to SubEntity of wall281281 because this Material does not exist. Have you forgotten to define it in a .material script?
19:49:22: Can't assign material 1 - Default to SubEntity of wall282282 because this Material does not exist. Have you forgotten to define it in a .material script?
19:49:22: Can't assign material 1 - Default to SubEntity of wall283283 because this Material does not exist. Have you forgotten to define it in a .material script?
19:49:22: Can't assign material 1 - Default to SubEntity of wall284284 because this Material does not exist. Have you forgotten to define it in a .material script?
19:49:22: Can't assign material 1 - Default to SubEntity of wall285285 because this Material does not exist. Have you forgotten to define it in a .material script?
19:49:22: Can't assign material 1 - Default to SubEntity of wall286286 because this Material does not exist. Have you forgotten to define it in a .material script?
19:49:22: Can't assign material 1 - Default to SubEntity of wall287287 because this Material does not exist. Have you forgotten to define it in a .material script?
19:49:22: Can't assign material 1 - Default to SubEntity of wall288288 because this Material does not exist. Have you forgotten to define it in a .material script?
19:49:22: Can't assign material 1 - Default to SubEntity of wall289289 because this Material does not exist. Have you forgotten to define it in a .material script?
19:49:22: Can't assign material 1 - Default to SubEntity of wall290290 because this Material does not exist. Have you forgotten to define it in a .material script?
19:49:22: Can't assign material 1 - Default to SubEntity of wall291291 because this Material does not exist. Have you forgotten to define it in a .material script?
19:49:22: Can't assign material 1 - Default to SubEntity of wall292292 because this Material does not exist. Have you forgotten to define it in a .material script?
19:49:22: Can't assign material 1 - Default to SubEntity of wall293293 because this Material does not exist. Have you forgotten to define it in a .material script?
19:49:22: Can't assign material 1 - Default to SubEntity of wall294294 because this Material does not exist. Have you forgotten to define it in a .material script?
19:49:22: Can't assign material 1 - Default to SubEntity of wall295295 because this Material does not exist. Have you forgotten to define it in a .material script?
19:49:22: Can't assign material 1 - Default to SubEntity of wall296296 because this Material does not exist. Have you forgotten to define it in a .material script?
19:49:22: Can't assign material 1 - Default to SubEntity of wall297297 because this Material does not exist. Have you forgotten to define it in a .material script?
19:49:22: Can't assign material 1 - Default to SubEntity of wall298298 because this Material does not exist. Have you forgotten to define it in a .material script?
19:49:22: Can't assign material 1 - Default to SubEntity of wall299299 because this Material does not exist. Have you forgotten to define it in a .material script?
19:49:22: Can't assign material 1 - Default to SubEntity of wall300300 because this Material does not exist. Have you forgotten to define it in a .material script?
19:49:22: Can't assign material 1 - Default to SubEntity of wall301301 because this Material does not exist. Have you forgotten to define it in a .material script?
19:49:22: Can't assign material 1 - Default to SubEntity of wall302302 because this Material does not exist. Have you forgotten to define it in a .material script?
19:49:22: Can't assign material 1 - Default to SubEntity of wall303303 because this Material does not exist. Have you forgotten to define it in a .material script?
19:49:22: Can't assign material 1 - Default to SubEntity of wall304304 because this Material does not exist. Have you forgotten to define it in a .material script?
19:49:22: Can't assign material 1 - Default to SubEntity of wall305305 because this Material does not exist. Have you forgotten to define it in a .material script?
19:49:22: Can't assign material 1 - Default to SubEntity of wall306306 because this Material does not exist. Have you forgotten to define it in a .material script?
19:49:22: Can't assign material 1 - Default to SubEntity of wall307307 because this Material does not exist. Have you forgotten to define it in a .material script?
19:49:22: Can't assign material 1 - Default to SubEntity of wall308308 because this Material does not exist. Have you forgotten to define it in a .material script?
19:49:22: Can't assign material 1 - Default to SubEntity of wall309309 because this Material does not exist. Have you forgotten to define it in a .material script?
19:49:22: Can't assign material 1 - Default to SubEntity of wall310310 because this Material does not exist. Have you forgotten to define it in a .material script?
19:49:22: Can't assign material 1 - Default to SubEntity of wall311311 because this Material does not exist. Have you forgotten to define it in a .material script?
19:49:22: Can't assign material 1 - Default to SubEntity of wall312312 because this Material does not exist. Have you forgotten to define it in a .material script?
19:49:22: Can't assign material 1 - Default to SubEntity of wall313313 because this Material does not exist. Have you forgotten to define it in a .material script?
19:49:22: Can't assign material 1 - Default to SubEntity of wall314314 because this Material does not exist. Have you forgotten to define it in a .material script?
19:49:22: Can't assign material 1 - Default to SubEntity of wall315315 because this Material does not exist. Have you forgotten to define it in a .material script?
19:49:22: Can't assign material 1 - Default to SubEntity of wall316316 because this Material does not exist. Have you forgotten to define it in a .material script?
19:49:22: Can't assign material 1 - Default to SubEntity of wall317317 because this Material does not exist. Have you forgotten to define it in a .material script?
19:49:22: Can't assign material 1 - Default to SubEntity of wall318318 because this Material does not exist. Have you forgotten to define it in a .material script?
19:49:22: Can't assign material 1 - Default to SubEntity of wall319319 because this Material does not exist. Have you forgotten to define it in a .material script?
19:49:22: Can't assign material 1 - Default to SubEntity of wall320320 because this Material does not exist. Have you forgotten to define it in a .material script?
19:49:22: Can't assign material 1 - Default to SubEntity of wall321321 because this Material does not exist. Have you forgotten to define it in a .material script?
19:49:22: Can't assign material 1 - Default to SubEntity of wall322322 because this Material does not exist. Have you forgotten to define it in a .material script?
19:49:22: Can't assign material 1 - Default to SubEntity of wall323323 because this Material does not exist. Have you forgotten to define it in a .material script?
19:49:22: Can't assign material 1 - Default to SubEntity of wall324324 because this Material does not exist. Have you forgotten to define it in a .material script?
19:49:22: Can't assign material 1 - Default to SubEntity of wall325325 because this Material does not exist. Have you forgotten to define it in a .material script?
19:49:22: Can't assign material 1 - Default to SubEntity of wall326326 because this Material does not exist. Have you forgotten to define it in a .material script?
19:49:22: Can't assign material 1 - Default to SubEntity of wall327327 because this Material does not exist. Have you forgotten to define it in a .material script?
19:49:22: Can't assign material 1 - Default to SubEntity of wall328328 because this Material does not exist. Have you forgotten to define it in a .material script?
19:49:22: Can't assign material 1 - Default to SubEntity of wall329329 because this Material does not exist. Have you forgotten to define it in a .material script?
19:49:22: Can't assign material 1 - Default to SubEntity of wall330330 because this Material does not exist. Have you forgotten to define it in a .material script?
19:49:22: Can't assign material 1 - Default to SubEntity of wall331331 because this Material does not exist. Have you forgotten to define it in a .material script?
19:49:22: Can't assign material 1 - Default to SubEntity of wall332332 because this Material does not exist. Have you forgotten to define it in a .material script?
19:49:22: Can't assign material 1 - Default to SubEntity of wall333333 because this Material does not exist. Have you forgotten to define it in a .material script?
19:49:22: Can't assign material 1 - Default to SubEntity of wall334334 because this Material does not exist. Have you forgotten to define it in a .material script?
19:49:22: Can't assign material 1 - Default to SubEntity of wall335335 because this Material does not exist. Have you forgotten to define it in a .material script?
19:49:22: Can't assign material 1 - Default to SubEntity of wall336336 because this Material does not exist. Have you forgotten to define it in a .material script?
19:49:22: Can't assign material 1 - Default to SubEntity of wall337337 because this Material does not exist. Have you forgotten to define it in a .material script?
19:49:22: Can't assign material 1 - Default to SubEntity of wall338338 because this Material does not exist. Have you forgotten to define it in a .material script?
19:49:22: Can't assign material 1 - Default to SubEntity of wall339339 because this Material does not exist. Have you forgotten to define it in a .material script?
19:49:22: Can't assign material 1 - Default to SubEntity of wall340340 because this Material does not exist. Have you forgotten to define it in a .material script?
19:49:22: Can't assign material 1 - Default to SubEntity of wall341341 because this Material does not exist. Have you forgotten to define it in a .material script?
19:49:22: Can't assign material 1 - Default to SubEntity of wall342342 because this Material does not exist. Have you forgotten to define it in a .material script?
19:49:22: Can't assign material 1 - Default to SubEntity of wall343343 because this Material does not exist. Have you forgotten to define it in a .material script?
19:49:22: Can't assign material 1 - Default to SubEntity of wall344344 because this Material does not exist. Have you forgotten to define it in a .material script?
19:49:22: Can't assign material 1 - Default to SubEntity of wall345345 because this Material does not exist. Have you forgotten to define it in a .material script?
19:49:22: Can't assign material 1 - Default to SubEntity of wall346346 because this Material does not exist. Have you forgotten to define it in a .material script?
19:49:22: Can't assign material 1 - Default to SubEntity of wall347347 because this Material does not exist. Have you forgotten to define it in a .material script?
19:49:22: Can't assign material 1 - Default to SubEntity of wall348348 because this Material does not exist. Have you forgotten to define it in a .material script?
19:49:22: Can't assign material 1 - Default to SubEntity of wall349349 because this Material does not exist. Have you forgotten to define it in a .material script?
19:49:22: Can't assign material 1 - Default to SubEntity of wall350350 because this Material does not exist. Have you forgotten to define it in a .material script?
19:49:22: Can't assign material 1 - Default to SubEntity of wall351351 because this Material does not exist. Have you forgotten to define it in a .material script?
19:49:22: Can't assign material 1 - Default to SubEntity of wall352352 because this Material does not exist. Have you forgotten to define it in a .material script?
19:49:22: Can't assign material 1 - Default to SubEntity of wall353353 because this Material does not exist. Have you forgotten to define it in a .material script?
19:49:22: Can't assign material 1 - Default to SubEntity of wall354354 because this Material does not exist. Have you forgotten to define it in a .material script?
19:49:22: Can't assign material 1 - Default to SubEntity of wall355355 because this Material does not exist. Have you forgotten to define it in a .material script?
19:49:22: Can't assign material 1 - Default to SubEntity of wall356356 because this Material does not exist. Have you forgotten to define it in a .material script?
19:49:22: Can't assign material 1 - Default to SubEntity of wall357357 because this Material does not exist. Have you forgotten to define it in a .material script?
19:49:22: Can't assign material 1 - Default to SubEntity of wall358358 because this Material does not exist. Have you forgotten to define it in a .material script?
19:49:22: Can't assign material 1 - Default to SubEntity of wall359359 because this Material does not exist. Have you forgotten to define it in a .material script?
19:49:22: Can't assign material 1 - Default to SubEntity of wall360360 because this Material does not exist. Have you forgotten to define it in a .material script?
19:49:22: Can't assign material 1 - Default to SubEntity of wall361361 because this Material does not exist. Have you forgotten to define it in a .material script?
19:49:22: Can't assign material 1 - Default to SubEntity of wall362362 because this Material does not exist. Have you forgotten to define it in a .material script?
19:49:22: Can't assign material 1 - Default to SubEntity of wall363363 because this Material does not exist. Have you forgotten to define it in a .material script?
19:49:22: Can't assign material 1 - Default to SubEntity of wall364364 because this Material does not exist. Have you forgotten to define it in a .material script?
19:49:22: Can't assign material 1 - Default to SubEntity of wall365365 because this Material does not exist. Have you forgotten to define it in a .material script?
19:49:22: Can't assign material 1 - Default to SubEntity of wall366366 because this Material does not exist. Have you forgotten to define it in a .material script?
19:49:22: Can't assign material 1 - Default to SubEntity of wall367367 because this Material does not exist. Have you forgotten to define it in a .material script?
19:49:22: Can't assign material 1 - Default to SubEntity of wall368368 because this Material does not exist. Have you forgotten to define it in a .material script?
19:49:22: Can't assign material 1 - Default to SubEntity of wall369369 because this Material does not exist. Have you forgotten to define it in a .material script?
19:49:22: Can't assign material 1 - Default to SubEntity of wall370370 because this Material does not exist. Have you forgotten to define it in a .material script?
19:49:22: Can't assign material 1 - Default to SubEntity of wall371371 because this Material does not exist. Have you forgotten to define it in a .material script?
19:49:22: Can't assign material 1 - Default to SubEntity of wall372372 because this Material does not exist. Have you forgotten to define it in a .material script?
19:49:22: Can't assign material 1 - Default to SubEntity of wall373373 because this Material does not exist. Have you forgotten to define it in a .material script?
19:49:22: Can't assign material 1 - Default to SubEntity of wall374374 because this Material does not exist. Have you forgotten to define it in a .material script?
19:49:22: Can't assign material 1 - Default to SubEntity of wall375375 because this Material does not exist. Have you forgotten to define it in a .material script?
19:49:22: Can't assign material 1 - Default to SubEntity of wall376376 because this Material does not exist. Have you forgotten to define it in a .material script?
19:49:22: Can't assign material 1 - Default to SubEntity of wall377377 because this Material does not exist. Have you forgotten to define it in a .material script?
19:49:22: Can't assign material 1 - Default to SubEntity of wall378378 because this Material does not exist. Have you forgotten to define it in a .material script?
19:49:22: Can't assign material 1 - Default to SubEntity of wall379379 because this Material does not exist. Have you forgotten to define it in a .material script?
19:49:22: Can't assign material 1 - Default to SubEntity of wall380380 because this Material does not exist. Have you forgotten to define it in a .material script?
19:49:22: Can't assign material 1 - Default to SubEntity of wall381381 because this Material does not exist. Have you forgotten to define it in a .material script?
19:49:22: Can't assign material 1 - Default to SubEntity of wall382382 because this Material does not exist. Have you forgotten to define it in a .material script?
19:49:22: Can't assign material 1 - Default to SubEntity of wall383383 because this Material does not exist. Have you forgotten to define it in a .material script?
19:49:22: Can't assign material 1 - Default to SubEntity of wall384384 because this Material does not exist. Have you forgotten to define it in a .material script?
19:49:22: Can't assign material 1 - Default to SubEntity of wall385385 because this Material does not exist. Have you forgotten to define it in a .material script?
19:49:22: Mesh: Loading robot.mesh.
19:49:22: Skeleton: Loading robot.skeleton
19:49:22: WARNING: robot.mesh is an older format ([MeshSerializer_v1.40]); you should upgrade it as soon as possible using the OgreMeshUpgrade tool.
19:49:22: Texture: r2skin.jpg: Loading 1 faces(PF_R8G8B8,512x512x1) with 5 hardware generated mipmaps from Image. Internal format is PF_X8R8G8B8,512x512x1.
19:49:23: Font BlueHighwayusing texture size 512x512
19:49:23: Info: Freetype returned null for character 127 in font BlueHighway
19:49:23: Info: Freetype returned null for character 128 in font BlueHighway
19:49:23: Info: Freetype returned null for character 129 in font BlueHighway
19:49:23: Info: Freetype returned null for character 130 in font BlueHighway
19:49:23: Info: Freetype returned null for character 131 in font BlueHighway
19:49:23: Info: Freetype returned null for character 132 in font BlueHighway
19:49:23: Info: Freetype returned null for character 133 in font BlueHighway
19:49:23: Info: Freetype returned null for character 134 in font BlueHighway
19:49:23: Info: Freetype returned null for character 135 in font BlueHighway
19:49:23: Info: Freetype returned null for character 136 in font BlueHighway
19:49:23: Info: Freetype returned null for character 137 in font BlueHighway
19:49:23: Info: Freetype returned null for character 138 in font BlueHighway
19:49:23: Info: Freetype returned null for character 139 in font BlueHighway
19:49:23: Info: Freetype returned null for character 140 in font BlueHighway
19:49:23: Info: Freetype returned null for character 141 in font BlueHighway
19:49:23: Info: Freetype returned null for character 142 in font BlueHighway
19:49:23: Info: Freetype returned null for character 143 in font BlueHighway
19:49:23: Info: Freetype returned null for character 144 in font BlueHighway
19:49:23: Info: Freetype returned null for character 145 in font BlueHighway
19:49:23: Info: Freetype returned null for character 146 in font BlueHighway
19:49:23: Info: Freetype returned null for character 147 in font BlueHighway
19:49:23: Info: Freetype returned null for character 148 in font BlueHighway
19:49:23: Info: Freetype returned null for character 149 in font BlueHighway
19:49:23: Info: Freetype returned null for character 150 in font BlueHighway
19:49:23: Info: Freetype returned null for character 151 in font BlueHighway
19:49:23: Info: Freetype returned null for character 152 in font BlueHighway
19:49:23: Info: Freetype returned null for character 153 in font BlueHighway
19:49:23: Info: Freetype returned null for character 154 in font BlueHighway
19:49:23: Info: Freetype returned null for character 155 in font BlueHighway
19:49:23: Info: Freetype returned null for character 156 in font BlueHighway
19:49:23: Info: Freetype returned null for character 157 in font BlueHighway
19:49:23: Info: Freetype returned null for character 158 in font BlueHighway
19:49:23: Info: Freetype returned null for character 159 in font BlueHighway
19:49:23: Info: Freetype returned null for character 160 in font BlueHighway
19:49:23: Texture: BlueHighwayTexture: Loading 1 faces(PF_BYTE_LA,512x512x1) with  hardware generated mipmaps from Image. Internal format is PF_BYTE_LA,512x512x1.
