01:35:13: Creating resource group General
01:35:13: Creating resource group Internal
01:35:13: Creating resource group Autodetect
01:35:13: Registering ResourceManager for type Mesh
01:35:13: Registering ResourceManager for type Material
01:35:13: Registering ResourceManager for type Skeleton
01:35:15: XMLMeshSerializer reading mesh data from iron.mesh.xml...
01:35:17: Reading geometry...
01:35:18: Geometry done...
01:35:18: Reading submeshes...
01:35:19: Submeshes done.
01:35:19: Reading mesh names...
01:35:19: Mesh names done.
01:35:19: XMLMeshSerializer import successful.
01:35:19: Reorganising vertex buffers to automatic layout..
01:35:20: MeshSerializer writing mesh data to stream ...
01:35:20: File header written.
01:35:20: Writing mesh data...
01:35:20: Writing submesh...
01:35:20: Exporting submesh texture aliases...
01:35:20: Submesh texture aliases exported.
01:35:20: Submesh exported.
01:35:20: Writing submesh...
01:35:20: Exporting submesh texture aliases...
01:35:20: Submesh texture aliases exported.
01:35:20: Submesh exported.
01:35:20: Writing submesh...
01:35:20: Exporting submesh texture aliases...
01:35:20: Submesh texture aliases exported.
01:35:20: Submesh exported.
01:35:20: Writing submesh...
01:35:20: Exporting submesh texture aliases...
01:35:20: Submesh texture aliases exported.
01:35:20: Submesh exported.
01:35:20: Writing submesh...
01:35:20: Exporting submesh texture aliases...
01:35:20: Submesh texture aliases exported.
01:35:20: Submesh exported.
01:35:20: Writing submesh...
01:35:20: Exporting submesh texture aliases...
01:35:20: Submesh texture aliases exported.
01:35:20: Submesh exported.
01:35:20: Writing submesh...
01:35:20: Exporting submesh texture aliases...
01:35:20: Submesh texture aliases exported.
01:35:20: Submesh exported.
01:35:20: Writing submesh...
01:35:20: Exporting submesh texture aliases...
01:35:20: Submesh texture aliases exported.
01:35:20: Submesh exported.
01:35:20: Writing submesh...
01:35:20: Exporting submesh texture aliases...
01:35:20: Submesh texture aliases exported.
01:35:20: Submesh exported.
01:35:20: Exporting bounds information....
01:35:20: Bounds information exported.
01:35:20: Exporting submesh name table...
01:35:20: Submesh name table exported.
01:35:20: Exporting edge lists...
01:35:20: Edge lists exported
01:35:20: Mesh data exported.
01:35:20: MeshSerializer export successful.
01:35:20: Unregistering ResourceManager for type Skeleton
01:35:20: Unregistering ResourceManager for type Material
01:35:20: Unregistering ResourceManager for type Mesh
