01:36:40: Creating resource group General
01:36:40: Creating resource group Internal
01:36:40: Creating resource group Autodetect
01:36:40: Registering ResourceManager for type Material
01:36:40: Registering ResourceManager for type Skeleton
01:36:40: Registering ResourceManager for type Mesh
01:36:40: MeshSerializer writing mesh data to stream ...
01:36:40: File header written.
01:36:40: Writing mesh data...
01:36:40: Writing submesh...
01:36:40: Exporting submesh texture aliases...
01:36:40: Submesh texture aliases exported.
01:36:40: Submesh exported.
01:36:40: Writing submesh...
01:36:40: Exporting submesh texture aliases...
01:36:40: Submesh texture aliases exported.
01:36:40: Submesh exported.
01:36:40: Writing submesh...
01:36:40: Exporting submesh texture aliases...
01:36:40: Submesh texture aliases exported.
01:36:40: Submesh exported.
01:36:40: Writing submesh...
01:36:40: Exporting submesh texture aliases...
01:36:40: Submesh texture aliases exported.
01:36:40: Submesh exported.
01:36:40: Writing submesh...
01:36:40: Exporting submesh texture aliases...
01:36:40: Submesh texture aliases exported.
01:36:40: Submesh exported.
01:36:40: Writing submesh...
01:36:40: Exporting submesh texture aliases...
01:36:40: Submesh texture aliases exported.
01:36:40: Submesh exported.
01:36:40: Writing submesh...
01:36:40: Exporting submesh texture aliases...
01:36:40: Submesh texture aliases exported.
01:36:40: Submesh exported.
01:36:40: Writing submesh...
01:36:40: Exporting submesh texture aliases...
01:36:40: Submesh texture aliases exported.
01:36:40: Submesh exported.
01:36:40: Writing submesh...
01:36:40: Exporting submesh texture aliases...
01:36:40: Submesh texture aliases exported.
01:36:40: Submesh exported.
01:36:40: Exporting bounds information....
01:36:40: Bounds information exported.
01:36:40: Exporting submesh name table...
01:36:40: Submesh name table exported.
01:36:40: Exporting edge lists...
01:36:40: Edge lists exported
01:36:40: Mesh data exported.
01:36:40: MeshSerializer export successful.
01:36:40: Unregistering ResourceManager for type Mesh
01:36:40: Unregistering ResourceManager for type Skeleton
01:36:40: Unregistering ResourceManager for type Material
